#
# A fatal error has been detected by the Java Runtime Environment:
#
#  Internal Error (signature.cpp:60), pid=8417, tid=2423741296
#  Error: expecting (
#
# JRE version: 6.0_17-b17
# Java VM: OpenJDK Client VM (16.0-b13 mixed mode linux-x86 )
# Derivative: IcedTea6 1.7
# Distribution: Debian GNU/Linux unstable (sid), package 6b17-1.7-1
# If you would like to submit a bug report, please include
# instructions how to reproduce the bug and visit:
#   http://icedtea.classpath.org/bugzilla
#

---------------  T H R E A D  ---------------

Current thread (0x90cbac00):  JavaThread "AWT-XAWT" daemon [_thread_in_vm, id=8428, stack(0x90725000,0x90776000)]

Stack: [0x90725000,0x90776000],  sp=0x907741c4,  free space=13c90774218k
Native frames: (J=compiled Java code, j=interpreted, Vv=VM code, C=native code)
V  [libjvm.so+0x3a9255]
V  [libjvm.so+0x3a94cc]
V  [libjvm.so+0x154bbb]
V  [libjvm.so+0x154c61]
V  [libjvm.so+0x32db6f]
V  [libjvm.so+0x32dcee]
V  [libjvm.so+0x2b5721]
V  [libjvm.so+0x100b7f]
V  [libjvm.so+0x100f8b]
V  [libjvm.so+0x1034be]
V  [libjvm.so+0x106c46]
V  [libjvm.so+0x3501a1]
V  [libjvm.so+0x350be2]
V  [libjvm.so+0x350fb4]
V  [libjvm.so+0x351e40]
V  [libjvm.so+0x150d34]
V  [libjvm.so+0x1db2f7]
j  sun.awt.X11.XToolkit.run(Z)V+0
j  sun.awt.X11.XToolkit.run()V+5
j  java.lang.Thread.run()V+11
v  ~StubRoutines::call_stub
V  [libjvm.so+0x1e25d5]
V  [libjvm.so+0x2d1c39]
V  [libjvm.so+0x1e14cf]
V  [libjvm.so+0x1e19aa]
V  [libjvm.so+0x1e1b3a]
V  [libjvm.so+0x2335c2]
V  [libjvm.so+0x37c52c]
V  [libjvm.so+0x37c5ea]
V  [libjvm.so+0x2d7c51]
C  [libpthread.so.0+0x6585]

Java frames: (J=compiled Java code, j=interpreted, Vv=VM code)
j  sun.awt.X11.XToolkit.run(Z)V+0
j  sun.awt.X11.XToolkit.run()V+5
j  java.lang.Thread.run()V+11
v  ~StubRoutines::call_stub

---------------  P R O C E S S  ---------------

Java Threads: ( => current thread )
=>0x90cbac00 JavaThread "AWT-XAWT" daemon [_thread_in_vm, id=8428, stack(0x90725000,0x90776000)]
  0x09145800 JavaThread "Java2D Disposer" daemon [_thread_blocked, id=8427, stack(0x907f1000,0x90842000)]
  0x0903d400 JavaThread "DestroyJavaVM" [_thread_blocked, id=8418, stack(0xb74ff000,0xb7550000)]
  0x090ed000 JavaThread "SelectorThread" [_thread_in_native, id=8426, stack(0x90b94000,0x90be5000)]
  0x090a9400 JavaThread "Low Memory Detector" daemon [_thread_blocked, id=8424, stack(0x90d9d000,0x90dee000)]
  0x090a7800 JavaThread "CompilerThread0" daemon [_thread_blocked, id=8423, stack(0x90dee000,0x90e6f000)]
  0x090a6000 JavaThread "Signal Dispatcher" daemon [_thread_blocked, id=8422, stack(0x90e6f000,0x90ec0000)]
  0x09096400 JavaThread "Finalizer" daemon [_thread_blocked, id=8421, stack(0x90f18000,0x90f69000)]
  0x09091800 JavaThread "Reference Handler" daemon [_thread_blocked, id=8420, stack(0x90f69000,0x90fba000)]

Other Threads:
  0x0908ec00 VMThread [stack: 0x90fba000,0x9103b000] [id=8419]
  0x090abc00 WatcherThread [stack: 0x90d1c000,0x90d9d000] [id=8425]

VM state:not at safepoint (normal execution)

VM Mutex/Monitor currently owned by a thread: None

Heap
 def new generation   total 4928K, used 4238K [0x913f0000, 0x91940000, 0x9be90000)
  eden space 4416K,  95% used [0x913f0000, 0x91813940, 0x91840000)
  from space 512K,   0% used [0x91840000, 0x91840000, 0x918c0000)
  to   space 512K,   0% used [0x918c0000, 0x918c0000, 0x91940000)
 tenured generation   total 10944K, used 0K [0x9be90000, 0x9c940000, 0xb13f0000)
   the space 10944K,   0% used [0x9be90000, 0x9be90000, 0x9be90200, 0x9c940000)
 compacting perm gen  total 12288K, used 6860K [0xb13f0000, 0xb1ff0000, 0xb53f0000)
   the space 12288K,  55% used [0xb13f0000, 0xb1aa3160, 0xb1aa3200, 0xb1ff0000)
No shared spaces configured.

Dynamic libraries:
Can not get library information for pid = 8428

VM Arguments:
jvm_args: -Djava.library.path=/usr/local/lib/polymake/lib -Djv.licence=/usr/local/src/JavaView -Dpolymake.javaview.bgcolor=255 255 255 
java_command: de.tuberlin.polymake.common.SelectorThread 30000 common-JNI
Launcher Type: SUN_STANDARD

Environment Variables:
CLASSPATH=.:/usr/local/src/JavaView/
PATH=/usr/local/src/fluctuat/bin:/usr/local/ocaml/bin:/home/donquijote/dev/interproc/bin:/home/donquijote/gappa/bin:/usr/local/bin:/usr/bin:/bin:/usr/games
LD_LIBRARY_PATH=/usr/lib/jvm/java-6-openjdk/jre/lib/i386/client:/usr/lib/jvm/java-6-openjdk/jre/lib/i386:/usr/lib/jvm/java-6-openjdk/jre/../lib/i386:/home/donquijote/dev/apron/lib:/home/donquijote/dev/mlgmpidl/lib:/home/donquijote/libppl/lib:/usr/local/src/Profil/lib:/usr/lib/jvm/java-6-openjdk/jre/lib/i386/jli
SHELL=/bin/bash
DISPLAY=localhost:10.0

Signal Handlers:
SIGSEGV: [libjvm.so+0x3a9ef0], sa_mask[0]=0x7ffbfeff, sa_flags=0x10000004
SIGBUS: [libjvm.so+0x3a9ef0], sa_mask[0]=0x7ffbfeff, sa_flags=0x10000004
SIGFPE: [libjvm.so+0x2d4780], sa_mask[0]=0x7ffbfeff, sa_flags=0x10000004
SIGPIPE: [libjvm.so+0x2d4780], sa_mask[0]=0x7ffbfeff, sa_flags=0x10000004
SIGXFSZ: [libjvm.so+0x2d4780], sa_mask[0]=0x7ffbfeff, sa_flags=0x10000004
SIGILL: [libjvm.so+0x2d4780], sa_mask[0]=0x7ffbfeff, sa_flags=0x10000004
SIGUSR1: SIG_DFL, sa_mask[0]=0x00000000, sa_flags=0x00000000
SIGUSR2: [libjvm.so+0x2d3ed0], sa_mask[0]=0x00000000, sa_flags=0x10000004
SIGHUP: [libjvm.so+0x2d63d0], sa_mask[0]=0x7ffbfeff, sa_flags=0x10000004
SIGINT: [libjvm.so+0x2d63d0], sa_mask[0]=0x7ffbfeff, sa_flags=0x10000004
SIGTERM: [libjvm.so+0x2d63d0], sa_mask[0]=0x7ffbfeff, sa_flags=0x10000004
SIGQUIT: [libjvm.so+0x2d63d0], sa_mask[0]=0x7ffbfeff, sa_flags=0x10000004


---------------  S Y S T E M  ---------------

OS:squeeze/sid

uname:Linux 2.6.26-1-686 #1 SMP Fri Mar 13 18:08:45 UTC 2009 i686
WARNING!! /proc file system not found.
Java may be unstable running multithreaded in a chroot environment on Linux when /proc filesystem is not mounted.
libc:glibc 2.10.2 NPTL 2.10.2 
rlimit: STACK 8192k, CORE 0k, NPROC infinity, NOFILE 1024, AS infinity
load average:-0.00 0.00 0.00

CPU:total 1 (2 cores per cpu, 1 threads per core) family 6 model 15 stepping 2, cmov, cx8, fxsr, mmx, sse, sse2, sse3, ssse3

Memory: 4k page, physical 18014398509481980k(762748k free), swap 2000052k(1999396k free)

vm_info: OpenJDK Client VM (16.0-b13) for linux-x86 JRE (1.6.0_17-b17), built on Jan 28 2010 00:01:57 by "doko" with gcc 4.4.3

time: Thu Feb 18 03:15:26 2010
elapsed time: 4 seconds

