### MEET TCONS ARRAY (des 0) ###
__________T1+ abstract__________
top
interval of dim (0,0):
__________
array of constraints of size 1
 0: 1 - x0 >= 0
### ### ###
### MEET LINCONS ARRAY (des 0) ###
__________T1+ abstract__________
top
interval of dim (0,0):
__________
array of constraints of size 2
 0: -x0 + 1 >= 0
 1: -x0 + 1 >= 0
### ### ###
### RESULT OF MEET LINCONS ARRAY (des 0) ###
__________T1+ abstract__________
(0) := [-oo,1]

(1) := [-oo,+oo]

interval of dim (0,0):
__________
### ### ###
### RESULT OF MEET TCONS ARRAY (des 0) ###
__________T1+ abstract__________
(0) := [-oo,1]

(1) := [-oo,+oo]

interval of dim (0,0):
__________
### ### ###
### MEET TCONS ARRAY (des 0) ###
__________T1+ abstract__________
top
interval of dim (0,0):
__________
array of constraints of size 1
 0: x0 - -(1) >= 0
### ### ###
### MEET LINCONS ARRAY (des 0) ###
__________T1+ abstract__________
top
interval of dim (0,0):
__________
array of constraints of size 2
 0: x0 + 1 >= 0
 1: x0 + 1 >= 0
### ### ###
### RESULT OF MEET LINCONS ARRAY (des 0) ###
__________T1+ abstract__________
(0) := [-1,+oo]

(1) := [-oo,+oo]

interval of dim (0,0):
__________
### ### ###
### RESULT OF MEET TCONS ARRAY (des 0) ###
__________T1+ abstract__________
(0) := [-1,+oo]

(1) := [-oo,+oo]

interval of dim (0,0):
__________
### ### ###
### MEET OPERANDS (destructive 0)###
__________T1+ abstract__________
(0) := [-1,+oo]

(1) := [-oo,+oo]

interval of dim (0,0):
__________
__________T1+ abstract__________
(0) := [-oo,1]

(1) := [-oo,+oo]

interval of dim (0,0):
__________
### ### ###
### RESULT of MEET ###
__________T1+ abstract__________
(0) := 0 + 1.(x0)

(1) := [-oo,+oo]

interval of dim (0,0):
__________
### ### ###
### MEET TCONS ARRAY (des 0) ###
__________T1+ abstract__________
(0) := 0 + 1.(x0)

(1) := [-oo,+oo]

interval of dim (0,0):
__________
array of constraints of size 1
 0: -(x0 - 0) > 0
### ### ###
### MEET LINCONS ARRAY (des 0) ###
__________T1+ abstract__________
(0) := 0 + 1.(x0)

(1) := [-oo,+oo]

interval of dim (0,0):
__________
array of constraints of size 2
 0: -x0 > 0
 1: -x0 >= 0
### ### ###
### RESULT OF MEET LINCONS ARRAY (des 0) ###
__________T1+ abstract__________
(0) := 0 + 1.(x0)

(1) := [-oo,+oo]

interval of dim (0,1):
      x0 in [-1,0]
__________
### ### ###
### RESULT OF MEET TCONS ARRAY (des 0) ###
__________T1+ abstract__________
(0) := 0 + 1.(x0)

(1) := [-oo,+oo]

interval of dim (0,1):
      x0 in [-1,0]
__________
### ### ###
### MEET TCONS ARRAY (des 0) ###
__________T1+ abstract__________
(0) := 0 + 1.(x0)

(1) := [-oo,+oo]

interval of dim (0,0):
__________
array of constraints of size 1
 0: x0 - 0 >= 0
### ### ###
### MEET LINCONS ARRAY (des 0) ###
__________T1+ abstract__________
(0) := 0 + 1.(x0)

(1) := [-oo,+oo]

interval of dim (0,0):
__________
array of constraints of size 2
 0: x0 >= 0
 1: x0 >= 0
### ### ###
### RESULT OF MEET LINCONS ARRAY (des 0) ###
__________T1+ abstract__________
(0) := 0 + 1.(x0)

(1) := [-oo,+oo]

interval of dim (0,1):
      x0 in [0,1]
__________
### ### ###
### RESULT OF MEET TCONS ARRAY (des 0) ###
__________T1+ abstract__________
(0) := 0 + 1.(x0)

(1) := [-oo,+oo]

interval of dim (0,1):
      x0 in [0,1]
__________
### ### ###
### JOIN OPERANDS (des 0) ###
__________T1+ abstract__________
(0) := 0 + 1.(x0)

(1) := 0 + 20.(x0)

interval of dim (0,1):
      x0 in [-1,0]
__________
__________T1+ abstract__________
(0) := 0 + 1.(x0)

(1) := 0 + 10.(x0)

interval of dim (0,1):
      x0 in [0,1]
__________
### ### ###
### RESULT of JOIN (des 0) ###
__________T1+ abstract__________
(0) := 0 + 1.(x0)

(1) := -5 + 10.(x0) + [u]5.(x1)

interval of dim (0,0):
__________
### ### ###
### MEET TCONS ARRAY (des 0) ###
__________T1+ abstract__________
(0) := 0 + 1.(x0)

(1) := -5 + 10.(x0) + [u]5.(x1)

interval of dim (0,0):
__________
array of constraints of size 1
 0: x1 - 1 = 0
### ### ###
### MEET LINCONS ARRAY (des 0) ###
__________T1+ abstract__________
(0) := 0 + 1.(x0)

(1) := -5 + 10.(x0) + [u]5.(x1)

interval of dim (0,0):
__________
array of constraints of size 2
 0: x1 - 1 = 0
 1: -x1 + 1 = 0
### ### ###
### RESULT OF MEET LINCONS ARRAY (des 0) ###
__________T1+ abstract__________
(0) := 0 + 1.(x0)

(1) := 1 + 0.(x0) + 0.(x1)

interval of dim (0,2):
      x0 in [0.099999999999999991673,1]
      x1 in [-0.80000000000000004441,1]
__________
### ### ###
### RESULT OF MEET TCONS ARRAY (des 0) ###
__________T1+ abstract__________
(0) := 0 + 1.(x0)

(1) := 1 + 0.(x0) + 0.(x1)

interval of dim (0,2):
      x0 in [0.099999999999999991673,1]
      x1 in [-0.80000000000000004441,1]
__________
[32mAnnotated program after forward analysis[m
var x : real, y : real;
begin
  /* [31m(L5 C5) top[m */
  assume x >= -1 and x <= 1; /* [31m(L6 C26) [|x+1.>=0; -x+1.>=0|][m */
  if x >= 0 then
     /* [31m(L7 C14) [|x>=0; -x+1.>=0|][m */
     y = 10 * x; /* [31m(L8 C10) [|x>=0; -x+1.>=0; y>=0; -y+10.>=0|][m */
  else
    /* [31m(L9 C4) [|x+1.>=0; -x>=0|][m */
    y = 20 * x; /* [31m(L10 C10) [|x+1.>=0; -x>=0; y+20.>=0; -y>=0|][m */
  endif; /* [31m(L11 C6) [|x+1.>=0; -x+1.>=0; y+20.>=0; -y+10.>=0|][m */
  assume y == 1; /* [31m(L12 C14) [|x-0.1>=0; -x+1.>=0; y-1.=0|][m */
end

### ### ###
