### MEET TCONS ARRAY (des 0) ###
__________T1+ abstract__________
top
interval of dim (0,0):
__________
array of constraints of size 1
 0: 1 - x0 >= 0
### ### ###
### MEET LINCONS ARRAY (des 0) ###
__________T1+ abstract__________
top
interval of dim (0,0):
__________
array of constraints of size 2
 0: -x0 + 1 >= 0
 1: -x0 + 1 >= 0
### ### ###
### RESULT OF MEET LINCONS ARRAY (des 0) ###
__________T1+ abstract__________
(0) := [-oo,1]

(1) := [-oo,+oo]

interval of dim (0,0):
__________
### ### ###
### RESULT OF MEET TCONS ARRAY (des 0) ###
__________T1+ abstract__________
(0) := [-oo,1]

(1) := [-oo,+oo]

interval of dim (0,0):
__________
### ### ###
### MEET TCONS ARRAY (des 0) ###
__________T1+ abstract__________
top
interval of dim (0,0):
__________
array of constraints of size 1
 0: x0 - -(1) >= 0
### ### ###
### MEET LINCONS ARRAY (des 0) ###
__________T1+ abstract__________
top
interval of dim (0,0):
__________
array of constraints of size 2
 0: x0 + 1 >= 0
 1: x0 + 1 >= 0
### ### ###
### RESULT OF MEET LINCONS ARRAY (des 0) ###
__________T1+ abstract__________
(0) := [-1,+oo]

(1) := [-oo,+oo]

interval of dim (0,0):
__________
### ### ###
### RESULT OF MEET TCONS ARRAY (des 0) ###
__________T1+ abstract__________
(0) := [-1,+oo]

(1) := [-oo,+oo]

interval of dim (0,0):
__________
### ### ###
### MEET OPERANDS (destructive 0)###
__________T1+ abstract__________
(0) := [-1,+oo]

(1) := [-oo,+oo]

interval of dim (0,0):
__________
__________T1+ abstract__________
(0) := [-oo,1]

(1) := [-oo,+oo]

interval of dim (0,0):
__________
### ### ###
### RESULT of MEET ###
__________T1+ abstract__________
(0) := 0 + 1.(x0)

(1) := [-oo,+oo]

interval of dim (0,0):
__________
### ### ###
### MEET TCONS ARRAY (des 0) ###
__________T1+ abstract__________
(0) := 0 + 1.(x0)

(1) := [-oo,+oo]

interval of dim (0,0):
__________
array of constraints of size 1
 0: -(x0 - 0) > 0
### ### ###
### MEET LINCONS ARRAY (des 0) ###
__________T1+ abstract__________
(0) := 0 + 1.(x0)

(1) := [-oo,+oo]

interval of dim (0,0):
__________
array of constraints of size 2
 0: -x0 > 0
 1: -x0 >= 0
### ### ###
### RESULT OF MEET LINCONS ARRAY (des 0) ###
__________T1+ abstract__________
(0) := 0 + 1.(x0)

(1) := [-oo,+oo]

interval of dim (0,1):
      x0 in [-1,0]
__________
### ### ###
### RESULT OF MEET TCONS ARRAY (des 0) ###
__________T1+ abstract__________
(0) := 0 + 1.(x0)

(1) := [-oo,+oo]

interval of dim (0,1):
      x0 in [-1,0]
__________
### ### ###
### MEET TCONS ARRAY (des 0) ###
__________T1+ abstract__________
(0) := 0 + 1.(x0)

(1) := [-oo,+oo]

interval of dim (0,1):
      x0 in [-1,0]
__________
array of constraints of size 1
 0: -(x0 - -(1/10)) > 0
### ### ###
### MEET LINCONS ARRAY (des 0) ###
__________T1+ abstract__________
(0) := 0 + 1.(x0)

(1) := [-oo,+oo]

interval of dim (0,1):
      x0 in [-1,0]
__________
array of constraints of size 2
 0: -x0 + [-0.10000000000000000555,-0.099999999999999991673] > 0
 1: -x0 - 0.099999999999999991673 >= 0
### ### ###
### RESULT OF MEET LINCONS ARRAY (des 0) ###
__________T1+ abstract__________
(0) := 0 + 1.(x0)

(1) := [-oo,+oo]

interval of dim (0,1):
      x0 in [-1,-0.099999999999999991673]
__________
### ### ###
### RESULT OF MEET TCONS ARRAY (des 0) ###
__________T1+ abstract__________
(0) := 0 + 1.(x0)

(1) := [-oo,+oo]

interval of dim (0,1):
      x0 in [-1,-0.099999999999999991673]
__________
### ### ###
### MEET TCONS ARRAY (des 0) ###
__________T1+ abstract__________
(0) := 0 + 1.(x0)

(1) := [-oo,+oo]

interval of dim (0,1):
      x0 in [-1,-0.099999999999999991673]
__________
array of constraints of size 1
 0: -(x0 - -(1/5)) > 0
### ### ###
### MEET LINCONS ARRAY (des 0) ###
__________T1+ abstract__________
(0) := 0 + 1.(x0)

(1) := [-oo,+oo]

interval of dim (0,1):
      x0 in [-1,-0.099999999999999991673]
__________
array of constraints of size 2
 0: -x0 + [-0.2000000000000000111,-0.19999999999999998335] > 0
 1: -x0 - 0.19999999999999998335 >= 0
### ### ###
### RESULT OF MEET LINCONS ARRAY (des 0) ###
__________T1+ abstract__________
(0) := 0 + 1.(x0)

(1) := [-oo,+oo]

interval of dim (0,1):
      x0 in [-1,-0.19999999999999998335]
__________
### ### ###
### RESULT OF MEET TCONS ARRAY (des 0) ###
__________T1+ abstract__________
(0) := 0 + 1.(x0)

(1) := [-oo,+oo]

interval of dim (0,1):
      x0 in [-1,-0.19999999999999998335]
__________
### ### ###
### MEET TCONS ARRAY (des 0) ###
__________T1+ abstract__________
(0) := 0 + 1.(x0)

(1) := [-oo,+oo]

interval of dim (0,1):
      x0 in [-1,-0.19999999999999998335]
__________
array of constraints of size 1
 0: -(x0 - -(3/10)) > 0
### ### ###
### MEET LINCONS ARRAY (des 0) ###
__________T1+ abstract__________
(0) := 0 + 1.(x0)

(1) := [-oo,+oo]

interval of dim (0,1):
      x0 in [-1,-0.19999999999999998335]
__________
array of constraints of size 2
 0: -x0 + [-0.30000000000000004441,-0.2999999999999999889] > 0
 1: -x0 - 0.2999999999999999889 >= 0
### ### ###
### RESULT OF MEET LINCONS ARRAY (des 0) ###
__________T1+ abstract__________
(0) := 0 + 1.(x0)

(1) := [-oo,+oo]

interval of dim (0,1):
      x0 in [-1,-0.2999999999999999889]
__________
### ### ###
### RESULT OF MEET TCONS ARRAY (des 0) ###
__________T1+ abstract__________
(0) := 0 + 1.(x0)

(1) := [-oo,+oo]

interval of dim (0,1):
      x0 in [-1,-0.2999999999999999889]
__________
### ### ###
### MEET TCONS ARRAY (des 0) ###
__________T1+ abstract__________
(0) := 0 + 1.(x0)

(1) := [-oo,+oo]

interval of dim (0,1):
      x0 in [-1,-0.2999999999999999889]
__________
array of constraints of size 1
 0: -(x0 - -(2/5)) > 0
### ### ###
### MEET LINCONS ARRAY (des 0) ###
__________T1+ abstract__________
(0) := 0 + 1.(x0)

(1) := [-oo,+oo]

interval of dim (0,1):
      x0 in [-1,-0.2999999999999999889]
__________
array of constraints of size 2
 0: -x0 + [-0.4000000000000000222,-0.39999999999999996669] > 0
 1: -x0 - 0.39999999999999996669 >= 0
### ### ###
### RESULT OF MEET LINCONS ARRAY (des 0) ###
__________T1+ abstract__________
(0) := 0 + 1.(x0)

(1) := [-oo,+oo]

interval of dim (0,1):
      x0 in [-1,-0.39999999999999996669]
__________
### ### ###
### RESULT OF MEET TCONS ARRAY (des 0) ###
__________T1+ abstract__________
(0) := 0 + 1.(x0)

(1) := [-oo,+oo]

interval of dim (0,1):
      x0 in [-1,-0.39999999999999996669]
__________
### ### ###
### MEET TCONS ARRAY (des 0) ###
__________T1+ abstract__________
(0) := 0 + 1.(x0)

(1) := [-oo,+oo]

interval of dim (0,1):
      x0 in [-1,-0.39999999999999996669]
__________
array of constraints of size 1
 0: -(x0 - -(1/2)) > 0
### ### ###
### MEET LINCONS ARRAY (des 0) ###
__________T1+ abstract__________
(0) := 0 + 1.(x0)

(1) := [-oo,+oo]

interval of dim (0,1):
      x0 in [-1,-0.39999999999999996669]
__________
array of constraints of size 2
 0: -x0 - 0.5 > 0
 1: -x0 - 0.5 >= 0
### ### ###
### RESULT OF MEET LINCONS ARRAY (des 0) ###
__________T1+ abstract__________
(0) := 0 + 1.(x0)

(1) := [-oo,+oo]

interval of dim (0,1):
      x0 in [-1,-0.5]
__________
### ### ###
### RESULT OF MEET TCONS ARRAY (des 0) ###
__________T1+ abstract__________
(0) := 0 + 1.(x0)

(1) := [-oo,+oo]

interval of dim (0,1):
      x0 in [-1,-0.5]
__________
### ### ###
### MEET TCONS ARRAY (des 0) ###
__________T1+ abstract__________
(0) := 0 + 1.(x0)

(1) := [-oo,+oo]

interval of dim (0,1):
      x0 in [-1,-0.5]
__________
array of constraints of size 1
 0: -(x0 - -(3/5)) > 0
### ### ###
### MEET LINCONS ARRAY (des 0) ###
__________T1+ abstract__________
(0) := 0 + 1.(x0)

(1) := [-oo,+oo]

interval of dim (0,1):
      x0 in [-1,-0.5]
__________
array of constraints of size 2
 0: -x0 + [-0.60000000000000008882,-0.5999999999999999778] > 0
 1: -x0 - 0.5999999999999999778 >= 0
### ### ###
### RESULT OF MEET LINCONS ARRAY (des 0) ###
__________T1+ abstract__________
(0) := 0 + 1.(x0)

(1) := [-oo,+oo]

interval of dim (0,1):
      x0 in [-1,-0.5999999999999999778]
__________
### ### ###
### RESULT OF MEET TCONS ARRAY (des 0) ###
__________T1+ abstract__________
(0) := 0 + 1.(x0)

(1) := [-oo,+oo]

interval of dim (0,1):
      x0 in [-1,-0.5999999999999999778]
__________
### ### ###
### MEET TCONS ARRAY (des 0) ###
__________T1+ abstract__________
(0) := 0 + 1.(x0)

(1) := [-oo,+oo]

interval of dim (0,1):
      x0 in [-1,-0.5999999999999999778]
__________
array of constraints of size 1
 0: -(x0 - -(7/10)) > 0
### ### ###
### MEET LINCONS ARRAY (des 0) ###
__________T1+ abstract__________
(0) := 0 + 1.(x0)

(1) := [-oo,+oo]

interval of dim (0,1):
      x0 in [-1,-0.5999999999999999778]
__________
array of constraints of size 2
 0: -x0 + [-0.70000000000000006661,-0.69999999999999995559] > 0
 1: -x0 - 0.69999999999999995559 >= 0
### ### ###
### RESULT OF MEET LINCONS ARRAY (des 0) ###
__________T1+ abstract__________
(0) := 0 + 1.(x0)

(1) := [-oo,+oo]

interval of dim (0,1):
      x0 in [-1,-0.69999999999999995559]
__________
### ### ###
### RESULT OF MEET TCONS ARRAY (des 0) ###
__________T1+ abstract__________
(0) := 0 + 1.(x0)

(1) := [-oo,+oo]

interval of dim (0,1):
      x0 in [-1,-0.69999999999999995559]
__________
### ### ###
### MEET TCONS ARRAY (des 0) ###
__________T1+ abstract__________
(0) := 0 + 1.(x0)

(1) := [-oo,+oo]

interval of dim (0,1):
      x0 in [-1,-0.69999999999999995559]
__________
array of constraints of size 1
 0: -(x0 - -(4/5)) > 0
### ### ###
### MEET LINCONS ARRAY (des 0) ###
__________T1+ abstract__________
(0) := 0 + 1.(x0)

(1) := [-oo,+oo]

interval of dim (0,1):
      x0 in [-1,-0.69999999999999995559]
__________
array of constraints of size 2
 0: -x0 + [-0.80000000000000004441,-0.79999999999999993339] > 0
 1: -x0 - 0.79999999999999993339 >= 0
### ### ###
### RESULT OF MEET LINCONS ARRAY (des 0) ###
__________T1+ abstract__________
(0) := 0 + 1.(x0)

(1) := [-oo,+oo]

interval of dim (0,1):
      x0 in [-1,-0.79999999999999993339]
__________
### ### ###
### RESULT OF MEET TCONS ARRAY (des 0) ###
__________T1+ abstract__________
(0) := 0 + 1.(x0)

(1) := [-oo,+oo]

interval of dim (0,1):
      x0 in [-1,-0.79999999999999993339]
__________
### ### ###
### MEET TCONS ARRAY (des 0) ###
__________T1+ abstract__________
(0) := 0 + 1.(x0)

(1) := [-oo,+oo]

interval of dim (0,1):
      x0 in [-1,-0.79999999999999993339]
__________
array of constraints of size 1
 0: -(x0 - -(9/10)) > 0
### ### ###
### MEET LINCONS ARRAY (des 0) ###
__________T1+ abstract__________
(0) := 0 + 1.(x0)

(1) := [-oo,+oo]

interval of dim (0,1):
      x0 in [-1,-0.79999999999999993339]
__________
array of constraints of size 2
 0: -x0 + [-0.9000000000000000222,-0.89999999999999991118] > 0
 1: -x0 - 0.89999999999999991118 >= 0
### ### ###
### RESULT OF MEET LINCONS ARRAY (des 0) ###
__________T1+ abstract__________
(0) := 0 + 1.(x0)

(1) := [-oo,+oo]

interval of dim (0,1):
      x0 in [-1,-0.89999999999999991118]
__________
### ### ###
### RESULT OF MEET TCONS ARRAY (des 0) ###
__________T1+ abstract__________
(0) := 0 + 1.(x0)

(1) := [-oo,+oo]

interval of dim (0,1):
      x0 in [-1,-0.89999999999999991118]
__________
### ### ###
### MEET TCONS ARRAY (des 0) ###
__________T1+ abstract__________
(0) := 0 + 1.(x0)

(1) := [-oo,+oo]

interval of dim (0,1):
      x0 in [-1,-0.79999999999999993339]
__________
array of constraints of size 1
 0: x0 - -(9/10) >= 0
### ### ###
### MEET LINCONS ARRAY (des 0) ###
__________T1+ abstract__________
(0) := 0 + 1.(x0)

(1) := [-oo,+oo]

interval of dim (0,1):
      x0 in [-1,-0.79999999999999993339]
__________
array of constraints of size 2
 0: x0 + [0.89999999999999991118,0.9000000000000000222] >= 0
 1: x0 + 0.9000000000000000222 >= 0
### ### ###
### RESULT OF MEET LINCONS ARRAY (des 0) ###
__________T1+ abstract__________
(0) := 0 + 1.(x0)

(1) := [-oo,+oo]

interval of dim (0,1):
      x0 in [-0.9000000000000000222,-0.79999999999999993339]
__________
### ### ###
### RESULT OF MEET TCONS ARRAY (des 0) ###
__________T1+ abstract__________
(0) := 0 + 1.(x0)

(1) := [-oo,+oo]

interval of dim (0,1):
      x0 in [-0.9000000000000000222,-0.79999999999999993339]
__________
### ### ###
### JOIN OPERANDS (des 0) ###
__________T1+ abstract__________
(0) := 0 + 1.(x0)

(1) := -18.024999999999995026 + -37.999999999999992895.(x0) + 0.025000000000012789769.(x1)

interval of dim (0,1):
      x0 in [-1,-0.89999999999999991118]
__________
__________T1+ abstract__________
(0) := 0 + 1.(x0)

(1) := -13.703749999999997655 + -32.299999999999997158.(x0) + 0.023750000000012150281.(x2)

interval of dim (0,1):
      x0 in [-0.9000000000000000222,-0.79999999999999993339]
__________
### ### ###
### RESULT of JOIN (des 0) ###
__________T1+ abstract__________
(0) := -0.89999999999999991118 + [u]0.10000000000000008882.(x3)

(1) := 16.056249999999998579 + [u]3.9437500000000120792.(x4)

interval of dim (0,1):
      x0 in [-1,-0.79999999999999993339]
__________
### ### ###
### MEET TCONS ARRAY (des 0) ###
__________T1+ abstract__________
(0) := 0 + 1.(x0)

(1) := [-oo,+oo]

interval of dim (0,1):
      x0 in [-1,-0.69999999999999995559]
__________
array of constraints of size 1
 0: x0 - -(4/5) >= 0
### ### ###
### MEET LINCONS ARRAY (des 0) ###
__________T1+ abstract__________
(0) := 0 + 1.(x0)

(1) := [-oo,+oo]

interval of dim (0,1):
      x0 in [-1,-0.69999999999999995559]
__________
array of constraints of size 2
 0: x0 + [0.79999999999999993339,0.80000000000000004441] >= 0
 1: x0 + 0.80000000000000004441 >= 0
### ### ###
### RESULT OF MEET LINCONS ARRAY (des 0) ###
__________T1+ abstract__________
(0) := 0 + 1.(x0)

(1) := [-oo,+oo]

interval of dim (0,1):
      x0 in [-0.80000000000000004441,-0.69999999999999995559]
__________
### ### ###
### RESULT OF MEET TCONS ARRAY (des 0) ###
__________T1+ abstract__________
(0) := 0 + 1.(x0)

(1) := [-oo,+oo]

interval of dim (0,1):
      x0 in [-0.80000000000000004441,-0.69999999999999995559]
__________
### ### ###
### JOIN OPERANDS (des 0) ###
__________T1+ abstract__________
(0) := -0.89999999999999991118 + [u]0.10000000000000008882.(x3)

(1) := 16.056249999999998579 + [u]3.9437500000000120792.(x4)

interval of dim (0,1):
      x0 in [-1,-0.79999999999999993339]
__________
__________T1+ abstract__________
(0) := 0 + 1.(x0)

(1) := -10.102499999999999147 + -27.(x0) + 0.022500000000000852651.(x5)

interval of dim (0,1):
      x0 in [-0.80000000000000004441,-0.69999999999999995559]
__________
### ### ###
### RESULT of JOIN (des 0) ###
__________T1+ abstract__________
(0) := -0.8499999999999999778 + [u]0.1500000000000000222.(x6)

(1) := 14.387500000000006395 + [u]5.6125000000000042633.(x7)

interval of dim (0,0):
__________
### ### ###
### MEET TCONS ARRAY (des 0) ###
__________T1+ abstract__________
(0) := 0 + 1.(x0)

(1) := [-oo,+oo]

interval of dim (0,1):
      x0 in [-1,-0.5999999999999999778]
__________
array of constraints of size 1
 0: x0 - -(7/10) >= 0
### ### ###
### MEET LINCONS ARRAY (des 0) ###
__________T1+ abstract__________
(0) := 0 + 1.(x0)

(1) := [-oo,+oo]

interval of dim (0,1):
      x0 in [-1,-0.5999999999999999778]
__________
array of constraints of size 2
 0: x0 + [0.69999999999999995559,0.70000000000000006661] >= 0
 1: x0 + 0.70000000000000006661 >= 0
### ### ###
### RESULT OF MEET LINCONS ARRAY (des 0) ###
__________T1+ abstract__________
(0) := 0 + 1.(x0)

(1) := [-oo,+oo]

interval of dim (0,1):
      x0 in [-0.70000000000000006661,-0.5999999999999999778]
__________
### ### ###
### RESULT OF MEET TCONS ARRAY (des 0) ###
__________T1+ abstract__________
(0) := 0 + 1.(x0)

(1) := [-oo,+oo]

interval of dim (0,1):
      x0 in [-0.70000000000000006661,-0.5999999999999999778]
__________
### ### ###
### JOIN OPERANDS (des 0) ###
__________T1+ abstract__________
(0) := -0.8499999999999999778 + [u]0.1500000000000000222.(x6)

(1) := 14.387500000000006395 + [u]5.6125000000000042633.(x7)

interval of dim (0,0):
__________
__________T1+ abstract__________
(0) := 0 + 1.(x0)

(1) := -7.1612500000000007816 + -22.099999999999997868.(x0) + 0.021250000000005542233.(x8)

interval of dim (0,1):
      x0 in [-0.70000000000000006661,-0.5999999999999999778]
__________
### ### ###
### RESULT of JOIN (des 0) ###
__________T1+ abstract__________
(0) := -0.79999999999999993339 + [u]0.20000000000000006661.(x9)

(1) := 13.038750000000002061 + [u]6.9612500000000085976.(x10)

interval of dim (0,0):
__________
### ### ###
### MEET TCONS ARRAY (des 0) ###
__________T1+ abstract__________
(0) := 0 + 1.(x0)

(1) := [-oo,+oo]

interval of dim (0,1):
      x0 in [-1,-0.5]
__________
array of constraints of size 1
 0: x0 - -(3/5) >= 0
### ### ###
### MEET LINCONS ARRAY (des 0) ###
__________T1+ abstract__________
(0) := 0 + 1.(x0)

(1) := [-oo,+oo]

interval of dim (0,1):
      x0 in [-1,-0.5]
__________
array of constraints of size 2
 0: x0 + [0.5999999999999999778,0.60000000000000008882] >= 0
 1: x0 + 0.60000000000000008882 >= 0
### ### ###
### RESULT OF MEET LINCONS ARRAY (des 0) ###
__________T1+ abstract__________
(0) := 0 + 1.(x0)

(1) := [-oo,+oo]

interval of dim (0,1):
      x0 in [-0.60000000000000008882,-0.5]
__________
### ### ###
### RESULT OF MEET TCONS ARRAY (des 0) ###
__________T1+ abstract__________
(0) := 0 + 1.(x0)

(1) := [-oo,+oo]

interval of dim (0,1):
      x0 in [-0.60000000000000008882,-0.5]
__________
### ### ###
### JOIN OPERANDS (des 0) ###
__________T1+ abstract__________
(0) := -0.79999999999999993339 + [u]0.20000000000000006661.(x9)

(1) := 13.038750000000002061 + [u]6.9612500000000085976.(x10)

interval of dim (0,0):
__________
__________T1+ abstract__________
(0) := 0 + 1.(x0)

(1) := -4.8200000000000011724 + -17.600000000000001421.(x0) + 0.020000000000000461853.(x11)

interval of dim (0,1):
      x0 in [-0.60000000000000008882,-0.5]
__________
### ### ###
### RESULT of JOIN (des 0) ###
__________T1+ abstract__________
(0) := -0.75 + [u]0.25.(x12)

(1) := 11.980000000000005755 + [u]8.0200000000000066791.(x13)

interval of dim (0,0):
__________
### ### ###
### MEET TCONS ARRAY (des 0) ###
__________T1+ abstract__________
(0) := 0 + 1.(x0)

(1) := [-oo,+oo]

interval of dim (0,1):
      x0 in [-1,-0.39999999999999996669]
__________
array of constraints of size 1
 0: x0 - -(1/2) >= 0
### ### ###
### MEET LINCONS ARRAY (des 0) ###
__________T1+ abstract__________
(0) := 0 + 1.(x0)

(1) := [-oo,+oo]

interval of dim (0,1):
      x0 in [-1,-0.39999999999999996669]
__________
array of constraints of size 2
 0: x0 + 0.5 >= 0
 1: x0 + 0.5 >= 0
### ### ###
### RESULT OF MEET LINCONS ARRAY (des 0) ###
__________T1+ abstract__________
(0) := 0 + 1.(x0)

(1) := [-oo,+oo]

interval of dim (0,1):
      x0 in [-0.5,-0.39999999999999996669]
__________
### ### ###
### RESULT OF MEET TCONS ARRAY (des 0) ###
__________T1+ abstract__________
(0) := 0 + 1.(x0)

(1) := [-oo,+oo]

interval of dim (0,1):
      x0 in [-0.5,-0.39999999999999996669]
__________
### ### ###
### JOIN OPERANDS (des 0) ###
__________T1+ abstract__________
(0) := -0.75 + [u]0.25.(x12)

(1) := 11.980000000000005755 + [u]8.0200000000000066791.(x13)

interval of dim (0,0):
__________
__________T1+ abstract__________
(0) := 0 + 1.(x0)

(1) := -3.0187499999999993783 + -13.499999999999998224.(x0) + 0.0187500000000024869.(x14)

interval of dim (0,1):
      x0 in [-0.5,-0.39999999999999996669]
__________
### ### ###
### RESULT of JOIN (des 0) ###
__________T1+ abstract__________
(0) := -0.69999999999999995559 + [u]0.30000000000000004441.(x15)

(1) := 11.181250000000007461 + [u]8.8187500000000103029.(x16)

interval of dim (0,0):
__________
### ### ###
### MEET TCONS ARRAY (des 0) ###
__________T1+ abstract__________
(0) := 0 + 1.(x0)

(1) := [-oo,+oo]

interval of dim (0,1):
      x0 in [-1,-0.2999999999999999889]
__________
array of constraints of size 1
 0: x0 - -(2/5) >= 0
### ### ###
### MEET LINCONS ARRAY (des 0) ###
__________T1+ abstract__________
(0) := 0 + 1.(x0)

(1) := [-oo,+oo]

interval of dim (0,1):
      x0 in [-1,-0.2999999999999999889]
__________
array of constraints of size 2
 0: x0 + [0.39999999999999996669,0.4000000000000000222] >= 0
 1: x0 + 0.4000000000000000222 >= 0
### ### ###
### RESULT OF MEET LINCONS ARRAY (des 0) ###
__________T1+ abstract__________
(0) := 0 + 1.(x0)

(1) := [-oo,+oo]

interval of dim (0,1):
      x0 in [-0.4000000000000000222,-0.2999999999999999889]
__________
### ### ###
### RESULT OF MEET TCONS ARRAY (des 0) ###
__________T1+ abstract__________
(0) := 0 + 1.(x0)

(1) := [-oo,+oo]

interval of dim (0,1):
      x0 in [-0.4000000000000000222,-0.2999999999999999889]
__________
### ### ###
### JOIN OPERANDS (des 0) ###
__________T1+ abstract__________
(0) := -0.69999999999999995559 + [u]0.30000000000000004441.(x15)

(1) := 11.181250000000007461 + [u]8.8187500000000103029.(x16)

interval of dim (0,0):
__________
__________T1+ abstract__________
(0) := 0 + 1.(x0)

(1) := -1.6974999999999997868 + -9.7999999999999989342.(x0) + 0.0175000000000022915.(x17)

interval of dim (0,1):
      x0 in [-0.4000000000000000222,-0.2999999999999999889]
__________
### ### ###
### RESULT of JOIN (des 0) ###
__________T1+ abstract__________
(0) := -0.64999999999999991118 + [u]0.35000000000000008882.(x18)

(1) := 10.612500000000007816 + [u]9.3875000000000099476.(x19)

interval of dim (0,0):
__________
### ### ###
### MEET TCONS ARRAY (des 0) ###
__________T1+ abstract__________
(0) := 0 + 1.(x0)

(1) := [-oo,+oo]

interval of dim (0,1):
      x0 in [-1,-0.19999999999999998335]
__________
array of constraints of size 1
 0: x0 - -(3/10) >= 0
### ### ###
### MEET LINCONS ARRAY (des 0) ###
__________T1+ abstract__________
(0) := 0 + 1.(x0)

(1) := [-oo,+oo]

interval of dim (0,1):
      x0 in [-1,-0.19999999999999998335]
__________
array of constraints of size 2
 0: x0 + [0.2999999999999999889,0.30000000000000004441] >= 0
 1: x0 + 0.30000000000000004441 >= 0
### ### ###
### RESULT OF MEET LINCONS ARRAY (des 0) ###
__________T1+ abstract__________
(0) := 0 + 1.(x0)

(1) := [-oo,+oo]

interval of dim (0,1):
      x0 in [-0.30000000000000004441,-0.19999999999999998335]
__________
### ### ###
### RESULT OF MEET TCONS ARRAY (des 0) ###
__________T1+ abstract__________
(0) := 0 + 1.(x0)

(1) := [-oo,+oo]

interval of dim (0,1):
      x0 in [-0.30000000000000004441,-0.19999999999999998335]
__________
### ### ###
### JOIN OPERANDS (des 0) ###
__________T1+ abstract__________
(0) := -0.64999999999999991118 + [u]0.35000000000000008882.(x18)

(1) := 10.612500000000007816 + [u]9.3875000000000099476.(x19)

interval of dim (0,0):
__________
__________T1+ abstract__________
(0) := 0 + 1.(x0)

(1) := -0.7962499999999999023 + -6.5.(x0) + 0.0162500000000000977.(x20)

interval of dim (0,1):
      x0 in [-0.30000000000000004441,-0.19999999999999998335]
__________
### ### ###
### RESULT of JOIN (des 0) ###
__________T1+ abstract__________
(0) := -0.5999999999999999778 + [u]0.4000000000000000222.(x21)

(1) := 10.243750000000009237 + [u]9.7562500000000103029.(x22)

interval of dim (0,0):
__________
### ### ###
### MEET TCONS ARRAY (des 0) ###
__________T1+ abstract__________
(0) := 0 + 1.(x0)

(1) := [-oo,+oo]

interval of dim (0,1):
      x0 in [-1,-0.099999999999999991673]
__________
array of constraints of size 1
 0: x0 - -(1/5) >= 0
### ### ###
### MEET LINCONS ARRAY (des 0) ###
__________T1+ abstract__________
(0) := 0 + 1.(x0)

(1) := [-oo,+oo]

interval of dim (0,1):
      x0 in [-1,-0.099999999999999991673]
__________
array of constraints of size 2
 0: x0 + [0.19999999999999998335,0.2000000000000000111] >= 0
 1: x0 + 0.2000000000000000111 >= 0
### ### ###
### RESULT OF MEET LINCONS ARRAY (des 0) ###
__________T1+ abstract__________
(0) := 0 + 1.(x0)

(1) := [-oo,+oo]

interval of dim (0,1):
      x0 in [-0.2000000000000000111,-0.099999999999999991673]
__________
### ### ###
### RESULT OF MEET TCONS ARRAY (des 0) ###
__________T1+ abstract__________
(0) := 0 + 1.(x0)

(1) := [-oo,+oo]

interval of dim (0,1):
      x0 in [-0.2000000000000000111,-0.099999999999999991673]
__________
### ### ###
### JOIN OPERANDS (des 0) ###
__________T1+ abstract__________
(0) := -0.5999999999999999778 + [u]0.4000000000000000222.(x21)

(1) := 10.243750000000009237 + [u]9.7562500000000103029.(x22)

interval of dim (0,0):
__________
__________T1+ abstract__________
(0) := 0 + 1.(x0)

(1) := -0.25500000000000000444 + -3.5999999999999996447.(x0) + 0.015000000000000512923.(x23)

interval of dim (0,1):
      x0 in [-0.2000000000000000111,-0.099999999999999991673]
__________
### ### ###
### RESULT of JOIN (des 0) ###
__________T1+ abstract__________
(0) := -0.54999999999999993339 + [u]0.45000000000000006661.(x24)

(1) := 10.045000000000010587 + [u]9.9550000000000125056.(x25)

interval of dim (0,0):
__________
### ### ###
### MEET TCONS ARRAY (des 0) ###
__________T1+ abstract__________
(0) := 0 + 1.(x0)

(1) := [-oo,+oo]

interval of dim (0,1):
      x0 in [-1,0]
__________
array of constraints of size 1
 0: x0 - -(1/10) >= 0
### ### ###
### MEET LINCONS ARRAY (des 0) ###
__________T1+ abstract__________
(0) := 0 + 1.(x0)

(1) := [-oo,+oo]

interval of dim (0,1):
      x0 in [-1,0]
__________
array of constraints of size 2
 0: x0 + [0.099999999999999991673,0.10000000000000000555] >= 0
 1: x0 + 0.10000000000000000555 >= 0
### ### ###
### RESULT OF MEET LINCONS ARRAY (des 0) ###
__________T1+ abstract__________
(0) := 0 + 1.(x0)

(1) := [-oo,+oo]

interval of dim (0,1):
      x0 in [-0.10000000000000000555,0]
__________
### ### ###
### RESULT OF MEET TCONS ARRAY (des 0) ###
__________T1+ abstract__________
(0) := 0 + 1.(x0)

(1) := [-oo,+oo]

interval of dim (0,1):
      x0 in [-0.10000000000000000555,0]
__________
### ### ###
### JOIN OPERANDS (des 0) ###
__________T1+ abstract__________
(0) := -0.54999999999999993339 + [u]0.45000000000000006661.(x24)

(1) := 10.045000000000010587 + [u]9.9550000000000125056.(x25)

interval of dim (0,0):
__________
__________T1+ abstract__________
(0) := 0 + 1.(x0)

(1) := -0.013750000000000003539 + -1.0999999999999998668.(x0) + 0.013750000000000232522.(x26)

interval of dim (0,1):
      x0 in [-0.10000000000000000555,0]
__________
### ### ###
### RESULT of JOIN (des 0) ###
__________T1+ abstract__________
(0) := -0.5 + [u]0.5.(x27)

(1) := 9.9862500000000125056 + [u]10.01375000000001414.(x28)

interval of dim (0,0):
__________
### ### ###
### MEET TCONS ARRAY (des 0) ###
__________T1+ abstract__________
(0) := 0 + 1.(x0)

(1) := [-oo,+oo]

interval of dim (0,0):
__________
array of constraints of size 1
 0: x0 - 0 >= 0
### ### ###
### MEET LINCONS ARRAY (des 0) ###
__________T1+ abstract__________
(0) := 0 + 1.(x0)

(1) := [-oo,+oo]

interval of dim (0,0):
__________
array of constraints of size 2
 0: x0 >= 0
 1: x0 >= 0
### ### ###
### RESULT OF MEET LINCONS ARRAY (des 0) ###
__________T1+ abstract__________
(0) := 0 + 1.(x0)

(1) := [-oo,+oo]

interval of dim (0,1):
      x0 in [0,1]
__________
### ### ###
### RESULT OF MEET TCONS ARRAY (des 0) ###
__________T1+ abstract__________
(0) := 0 + 1.(x0)

(1) := [-oo,+oo]

interval of dim (0,1):
      x0 in [0,1]
__________
### ### ###
### JOIN OPERANDS (des 0) ###
__________T1+ abstract__________
(0) := -0.5 + [u]0.5.(x27)

(1) := 9.9862500000000125056 + [u]10.01375000000001414.(x28)

interval of dim (0,0):
__________
__________T1+ abstract__________
(0) := 0 + 1.(x0)

(1) := -1.25 + 10.(x0) + 1.25.(x29)

interval of dim (0,1):
      x0 in [0,1]
__________
### ### ###
### RESULT of JOIN (des 0) ###
__________T1+ abstract__________
(0) := 0 + [u]1.(x30)

(1) := 8.7500000000000142109 + [u]11.250000000000014211.(x31)

interval of dim (0,0):
__________
### ### ###
### MEET TCONS ARRAY (des 0) ###
__________T1+ abstract__________
(0) := 0 + [u]1.(x30)

(1) := 8.7500000000000142109 + [u]11.250000000000014211.(x31)

interval of dim (0,0):
__________
array of constraints of size 1
 0: x1 - 1 = 0
### ### ###
### MEET LINCONS ARRAY (des 0) ###
__________T1+ abstract__________
(0) := 0 + [u]1.(x30)

(1) := 8.7500000000000142109 + [u]11.250000000000014211.(x31)

interval of dim (0,0):
__________
array of constraints of size 2
 0: x1 - 1 = 0
 1: -x1 + 1 = 0
### ### ###
### RESULT OF MEET LINCONS ARRAY (des 0) ###
__________T1+ abstract__________
(0) := 0 + [u]1.(x30)

(1) := 1 + 0.(x31)

interval of dim (0,1):
     x31 in [-0.68888888888888932804,-0.68888888888888921702]
__________
### ### ###
### RESULT OF MEET TCONS ARRAY (des 0) ###
__________T1+ abstract__________
(0) := 0 + [u]1.(x30)

(1) := 1 + 0.(x31)

interval of dim (0,1):
     x31 in [-0.68888888888888932804,-0.68888888888888921702]
__________
[32mAnnotated program after forward analysis[m
var x : real, y : real;
begin
  /* [31m(L5 C5) top[m */
  assume x >= -1 and x <= 1; /* [31m(L6 C26) [|x+1.>=0; -x+1.>=0|][m */
  if x >= 0 then
     /* [31m(L7 C14) [|x>=0; -x+1.>=0|][m */
     y = 10 * x * x; /* [31m(L8 C11)
                        [|x>=0; -x+1.>=0; y+2.5>=0; -y+10.>=0|][m */
  else
    /* [31m(L9 C4) [|x+1.>=0; -x>=0|][m */
    if x >= -1/10 then
       /* [31m(L10 C18) [|x+0.1>=0; -x>=0|][m */
       y = 11 * x * x; /* [31m(L11 C11)
                          [|x+0.1>=0; -x>=0; y+0.0275>=0; -y+0.11>=0|][m */
    else
      /* [31m(L12 C4) [|x+1.>=0; -x-0.1>=0|][m */
      if x >= -1/5 then
         /* [31m(L13 C18) [|x+0.2>=0; -x-0.1>=0|][m */
         y = 12 * x * x; /* [31m(L14 C11)
                            [|x+0.2>=0; -x-0.1>=0; y-0.09>=0; -y+0.48>=0|][m */
      else
        /* [31m(L15 C4) [|x+1.>=0; -x-0.2>=0|][m */
        if x >= -3/10 then
           /* [31m(L16 C18) [|x+0.3>=0; -x-0.2>=0|][m */
           y = 13 * x * x; /* [31m(L17 C11)
                              [|x+0.3>=0; -x-0.2>=0; y-0.4875>=0; -y+1.17>=0|][m */
        else
          /* [31m(L18 C4) [|x+1.>=0; -x-0.3>=0|][m */
          if x >= -2/5 then
             /* [31m(L19 C18) [|x+0.4>=0; -x-0.3>=0|][m */
             y = 14 * x * x; /* [31m(L20 C11)
                                [|x+0.4>=0; -x-0.3>=0; y-1.225>=0; -y+2.24>=0|][m */
          else
            /* [31m(L21 C4) [|x+1.>=0; -x-0.4>=0|][m */
            if x >= -1/2 then
               /* [31m(L22 C18) [|x+0.5>=0; -x-0.4>=0|][m */
               y = 15 * x * x; /* [31m(L23 C11)
                                  [|x+0.5>=0; -x-0.4>=0; y-2.3625>=0;
                                    -y+3.75>=0|][m */
            else
              /* [31m(L24 C4) [|x+1.>=0; -x-0.5>=0|][m */
              if x >= -3/5 then
                 /* [31m(L25 C18) [|x+0.6>=0; -x-0.5>=0|][m */
                 y = 16 * x * x; /* [31m(L26 C11)
                                    [|x+0.6>=0; -x-0.5>=0; y-3.96>=0;
                                      -y+5.76>=0|][m */
              else
                /* [31m(L27 C4) [|x+1.>=0; -x-0.6>=0|][m */
                if x >= -7/10 then
                   /* [31m(L28 C18) [|x+0.7>=0; -x-0.6>=0|][m */
                   y = 17 * x * x; /* [31m(L29 C11)
                                      [|x+0.7>=0; -x-0.6>=0; y-6.0775>=0;
                                        -y+8.33>=0|][m */
                else
                  /* [31m(L30 C4) [|x+1.>=0; -x-0.7>=0|][m */
                  if x >= -4/5 then
                     /* [31m(L31 C18) [|x+0.8>=0; -x-0.7>=0|][m */
                     y = 18 * x * x; /* [31m(L32 C11)
                                        [|x+0.8>=0; -x-0.7>=0; y-8.775>=0;
                                          -y+11.52>=0|][m */
                  else
                    /* [31m(L33 C4) [|x+1.>=0; -x-0.8>=0|][m */
                    if x >= -9/10 then
                       /* [31m(L34 C18) [|x+0.9>=0; -x-0.8>=0|][m */
                       y = 19 * x * x; /* [31m(L35 C11)
                                          [|x+0.9>=0; -x-0.8>=0;
                                            y-12.1125>=0; -y+15.39>=0|][m */
                    else
                      /* [31m(L36 C4) [|x+1.>=0; -x-0.9>=0|][m */
                      y = 20 * x * x; /* [31m(L37 C11)
                                         [|x+1.>=0; -x-0.9>=0; y-16.15>=0;
                                           -y+20.>=0|][m */
                    endif; /* [31m(L38 C6)
                              [|x+1.>=0; -x-0.8>=0; y-12.1125>=0; -y+20.>=0|][m */
                  endif; /* [31m(L39 C6)
                            [|x+1.>=0; -x-0.7>=0; y-8.775>=0; -y+20.>=0|][m */
                endif; /* [31m(L40 C6)
                          [|x+1.>=0; -x-0.6>=0; y-6.0775>=0; -y+20.>=0|][m */
              endif; /* [31m(L41 C6)
                        [|x+1.>=0; -x-0.5>=0; y-3.96>=0; -y+20.>=0|][m */
            endif; /* [31m(L42 C6)
                      [|x+1.>=0; -x-0.4>=0; y-2.3625>=0; -y+20.>=0|][m */
          endif; /* [31m(L43 C6)
                    [|x+1.>=0; -x-0.3>=0; y-1.225>=0; -y+20.>=0|][m */
        endif; /* [31m(L44 C6)
                  [|x+1.>=0; -x-0.2>=0; y-0.4875>=0; -y+20.>=0|][m */
      endif; /* [31m(L45 C6) [|x+1.>=0; -x-0.1>=0; y-0.09>=0; -y+20.>=0|][m */
    endif; /* [31m(L46 C6) [|x+1.>=0; -x>=0; y+0.0275>=0; -y+20.>=0|][m */
  endif; /* [31m(L47 C6) [|x+1.>=0; -x+1.>=0; y+2.5>=0; -y+20.>=0|][m */
  assume y == 1; /* [31m(L48 C14) [|x+1.>=0; -x+1.>=0; y-1.=0|][m */
end

### ### ###
********* free 8b67470*********
********* free 8b660d0*********
********* free 8b65a58*********
********* free 8b64148*********
********* free 8b64048*********
********* free 8b62778*********
********* free 8b62660*********
********* free 8b61208*********
********* free 8b60c48*********
********* free 8b5f870*********
********* free 8b5f1d8*********
********* free 8b5e360*********
********* free 8b5dcf0*********
********* free 8b5ce20*********
********* free 8b5c350*********
********* free 8b5bce0*********
********* free 8b5adc8*********
********* free 8b5a258*********
********* free 8b597a0*********
********* free 8b58d40*********
********* free 8b58250*********
********* free 8b57ca0*********
********* free 8b569d8*********
********* free 8b56f88*********
********* free 8b56a00*********
